Performing C SOURCE FILE Test CMAKE_HAVE_LIBC_PTHREAD failed with the following output:
Change Dir: /home/shang/real_chauo/realtime_lab/lab2/4.5/cmake/build/CMakeFiles/CMakeTmp

Run Build Command(s):/usr/bin/make cmTC_7bced/fast && /usr/bin/make -f CMakeFiles/cmTC_7bced.dir/build.make CMakeFiles/cmTC_7bced.dir/build
make[1]: Entering directory '/home/shang/real_chauo/realtime_lab/lab2/4.5/cmake/build/CMakeFiles/CMakeTmp'
Building C object CMakeFiles/cmTC_7bced.dir/src.c.o
/usr/bin/cc   -DCMAKE_HAVE_LIBC_PTHREAD   -o CMakeFiles/cmTC_7bced.dir/src.c.o   -c /home/shang/real_chauo/realtime_lab/lab2/4.5/cmake/build/CMakeFiles/CMakeTmp/src.c
Linking C executable cmTC_7bced
/home/shang/local/bin/cmake -E cmake_link_script CMakeFiles/cmTC_7bced.dir/link.txt --verbose=1
/usr/bin/cc  -DCMAKE_HAVE_LIBC_PTHREAD    CMakeFiles/cmTC_7bced.dir/src.c.o  -o cmTC_7bced 
CMakeFiles/cmTC_7bced.dir/src.c.o: 於函式 main:
src.c:(.text+0x3e): 未定義參考到 pthread_create
src.c:(.text+0x4a): 未定義參考到 pthread_detach
src.c:(.text+0x56): 未定義參考到 pthread_cancel
src.c:(.text+0x67): 未定義參考到 pthread_join
src.c:(.text+0x7b): 未定義參考到 pthread_atfork
collect2: error: ld returned 1 exit status
CMakeFiles/cmTC_7bced.dir/build.make:103: recipe for target 'cmTC_7bced' failed
make[1]: *** [cmTC_7bced] Error 1
make[1]: Leaving directory '/home/shang/real_chauo/realtime_lab/lab2/4.5/cmake/build/CMakeFiles/CMakeTmp'
Makefile:138: recipe for target 'cmTC_7bced/fast' failed
make: *** [cmTC_7bced/fast] Error 2


Source file was:
#include <pthread.h>

void* test_func(void* data)
{
  return data;
}

int main(void)
{
  pthread_t thread;
  pthread_create(&thread, NULL, test_func, NULL);
  pthread_detach(thread);
  pthread_cancel(thread);
  pthread_join(thread, NULL);
  pthread_atfork(NULL, NULL, NULL);
  pthread_exit(NULL);

  return 0;
}

Determining if the function pthread_create exists in the pthreads failed with the following output:
Change Dir: /home/shang/real_chauo/realtime_lab/lab2/4.5/cmake/build/CMakeFiles/CMakeTmp

Run Build Command(s):/usr/bin/make cmTC_d5a4e/fast && /usr/bin/make -f CMakeFiles/cmTC_d5a4e.dir/build.make CMakeFiles/cmTC_d5a4e.dir/build
make[1]: Entering directory '/home/shang/real_chauo/realtime_lab/lab2/4.5/cmake/build/CMakeFiles/CMakeTmp'
Building C object CMakeFiles/cmTC_d5a4e.dir/CheckFunctionExists.c.o
/usr/bin/cc   -DCHECK_FUNCTION_EXISTS=pthread_create   -o CMakeFiles/cmTC_d5a4e.dir/CheckFunctionExists.c.o   -c /home/shang/local/share/cmake-3.17/Modules/CheckFunctionExists.c
Linking C executable cmTC_d5a4e
/home/shang/local/bin/cmake -E cmake_link_script CMakeFiles/cmTC_d5a4e.dir/link.txt --verbose=1
/usr/bin/cc  -DCHECK_FUNCTION_EXISTS=pthread_create    CMakeFiles/cmTC_d5a4e.dir/CheckFunctionExists.c.o  -o cmTC_d5a4e  -lpthreads 
/usr/bin/ld: 找不到 -lpthreads
collect2: error: ld returned 1 exit status
CMakeFiles/cmTC_d5a4e.dir/build.make:103: recipe for target 'cmTC_d5a4e' failed
make[1]: *** [cmTC_d5a4e] Error 1
make[1]: Leaving directory '/home/shang/real_chauo/realtime_lab/lab2/4.5/cmake/build/CMakeFiles/CMakeTmp'
Makefile:138: recipe for target 'cmTC_d5a4e/fast' failed
make: *** [cmTC_d5a4e/fast] Error 2



