1797
1774
1778
1775
1775
1771
1771
1776
1773
1771
1776
1775
1913
1776
1777
1866
1771
1771
1775
1771
1771
1774
1780
1781
1774
1782
1775
1771
1774
1775
1771
1771
1775
1775
1780
1778
1784
1771
1771
1787
1910
1771
1771
1823
1771
9584
9408
5919
4561
3797
3178
2724
2396
2131
1911
1911
1911
1911
1907
1907
1911
1911
1916
1911
1918
1911
1916
1911
1911
1907
1907
1911
1911
1907
1909
1918
1911
1915
1917
1912
1907
1907
1911
1909
1905
1913
1918
1914
1909
1910
1909
1905
1905
1909
1909
1905
1907
1948
1978
1913
1915
1911
1907
1907
1911
1911
1907
1907
1917
1915
1912
1909
1909
1909
1907
9622
9454
3085
1733
1801
1733
1733
1801
1796
1733
1733
1802
1819
1782
1740
1788
1767
1733
1737
1779
1733
1733
1801
1828
1773
1744
1806
1783
1733
1817
1795
1733
1733
1777
1737
1733
1775
1876
1884
1731
1731
1772
1763
1731
1779
1770
1779
1734
1814
1772
1837
1731
1735
1731
1769
1775
1772
1731
1764
2240
9609
9567
6270
4672
3821
3179
2720
2384
2123
2125
2119
2125
2125
2116
2116
2119
2120
2116
2116
2120
2125
2119
2121
2127
2120
2116
2119
2120
2116
2116
2125
2129
2123
2119
2124
2120
2116
2116
2119
2120
2145
2296
2136
2126
2120
2123
2120
2116
2116
2120
2120
2116
2118
2123
2125
2119
2121
2120
2120
2116
2119
2120
2116
2119
2123
2124
2121
2121
2119
2120
2116
2116
2123
2120
2119
2122
2184
2162
2116
2120
2120
2116
2116
2119
2120
2125
2120
2127
2124
2122
2116
2120
2120
2116
2119
2120
2122
2125
2127
2126
2175
2121
2124
2121
2117
2117
2123
2128
2122
2125
2127
2127
2122
2118
2123
2123
2119
2123
2123
2128
2124
2133
2128
2119
2119
2123
2123
2119
2119
2127
2130
2123
2132
2128
2119
2119
2123
2123
2119
2119
2129
2129
2126
2123
2129
2123
2119
2123
2123
2119
2119
2123
2128
2128
2123
2152
2174
2120
2119
2125
2123
2119
2120
2130
2125
2125
2128
2123
2119
2119
2123
2123
2119
2119
2128
2125
2120
2120
2119
2120
2116
2118
2120
2116
2116
2125
2125
2122
2119
2121
2121
2116
2116
2120
2120
2116
2119
2127
2124
2120
2123
2128
2116
2116
2120
2120
2116
2116
2128
2126
2120
2119
2123
2123
2138
2195
2123
2116
1768
1736
1816
1734
1738
1883
1814
1731
1731
1799
1792
1769
1731
1815
1767
1773
1757
1772
1731
1731
1775
1773
1731
1731
1806
1742
1734
1738
1775
1774
1731
1731
1775
1731
1731
1839
1846
9581
9568
6148
4642
3822
3181
2720
2385
2120
1915
1907
1919
1911
1904
1904
1908
1922
1921
9571
7586
5032
4028
3346
2865
2507
2228
2121
2124
2125
2121
2116
2120
2120
2116
2116
2120
2120
2120
2120
2153
2125
2121
2123
2120
2116
2116
2120
2120
2120
2123
2123
2123
2116
2116
2120
2120
2116
2120
2120
2116
2120
2126
2128
2119
2120
2120
2120
2116
2116
2120
2120
2116
2120
2124
2125
2119
2124
2122
2116
2116
2121
2120
2116
2123
2124
2125
2158
2123
2121
2121
2116
2121
2121
2116
2154
2191
2128
2116
2116
2121
2120
2116
2116
2129
2123
2119
2125
2121
2116
2116
2121
2120
2116
2116
2120
2125
2119
2121
2127
2120
2116
2116
2120
2120
2116
2120
2123
2120
2119
2125
2123
2120
2116
9585
9572
6040
4616
3836
3207
2730
2391
2120
1904
1908
1904
1904
1908
1908
1907
1907
1914
1958
1924
1904
1908
1908
1904
1904
1913
1913
1904
1915
1911
1908
1907
1908
1908
1904
1904
1908
1909
1911
1909
1910
1907
1731
1780
1793
1731
1731
1776
1777
1731
1734
1802
1812
1812
1742
1785
1732
1732
1774
1790
1732
1732
1805
1753
1737
1790
1818
1738
1732
1772
1789
1732
1732
1780
1771
1735
1787
1884
1924
9691
9575
7729
5113
4066
3382
2899
2527
2248
2027
1911
1911
1909
1908
1904
1904
1908
1908
1911
1907
1912
1916
1911
1904
1908
1908
1904
1904
1908
1904
1904
1911
1916
1907
1911
1908
1908
1904
1904
1908
1908
1911
1907
1913
1913
1914
1904
1908
1904
1904
1936
1908
1915
1912
1921
1943
1922
1909
1911
1911
1907
1907
1922
1911
1911
1915
1911
1907
1907
1911
1911
1907
1907
1915
1917
1913
1910
1920
1911
1907
1911
1912
1907
1907
1911
1911
1909
1916
1923
1921
1910
1907
1911
1907
1907
1911
1910
1907
1917
1914
1921
1911
1907
1910
1911
1907
1907
1911
1907
1908
1920
1918
1915
1911
1925
1976
1908
1907
1911
1913
1909
1914
1914
1915
1911
1911
1911
1907
1907
1911
1911
1907
1912
1919
1911
1916
1911
1911
1907
1907
1911
1911
1907
1907
1918
1915
1913
1912
1911
1907
1907
1911
1911
1907
1907
1921
1914
1915
1914
1911
1911
1907
1907
1913
1907
1906
1908
1921
1911
1916
1915
1911
1907
1907
1911
1911
1954
1907
1919
1916
1914
1914
1915
1907
1907
1911
1911
1907
1907
1911
1915
1909
1916
1933
1986
9622
9473
5990
4572
3818
3180
2726
2391
2120
1904
1904
1908
1908
1904
1904
1913
1911
1907
1958
9590
9186
5788
4458
3726
3197
2732
2388
2118
1904
1937
1907
1904
1904
1908
1904
1904
1911
1916
1907
1909
1908
1908
1904
1904
1908
1908
1904
1904
1912
1913
1906
1910
1908
1904
1904
1908
1908
1904
1904
1909
1914
1907
1912
1911
1908
1904
1904
1908
1904
1904
1908
1916
1907
1912
1913
1909
1904
1904
1908
1904
1904
1908
1908
1914
1907
1916
1912
1913
1904
1908
1909
1904
1904
1952
1944
1909
1918
1911
1909
1904
1908
1908
1904
1904
1908
1904
1904
1911
1915
1909
1914
1911
1908
1904
1904
1908
1908
1904
1904
1960
1967
1912
1916
1909
1904
1906
1912
1911
1907
1908
1915
1921
1918
1915
1911
1911
1907
1907
1911
1907
1907
1918
1922
1909
1913
1920
1911
1907
1907
1911
1911
1907
1911
1915
1912
1907
1913
1911
1904
1904
1908
1908
1904
1904
1911
1912
1907
1915
1911
1904
1904
1908
1908
1904
1904
1908
1912
1911
1911
1915
1904
1904
1908
1908
1904
1904
1908
1911
1908
1907
1920
1904
1926
1923
1908
1904
1904
1908
1910
1915
1907
1960
1907
1907
1908
1908
1904
1904
1908
1908
1904
1906
1911
1913
1912
1904
1932
1904
1907
1911
1911
1911
1908
1917
1920
1921
1911
1911
1911
1906
1907
1911
1907
1912
1919
1918
1915
1909
1911
1912
1907
1906
1911
1911
1911
1915
1917
1921
1909
1910
1911
1907
1907
1911
1911
1907
1911
1918
1922
1912
1910
1914
1907
1907
1920
1911
1907
1907
1921
1915
1912
1909
1929
1908
1904
1904
1908
1910
1904
1915
1918
1907
1904
1918
1908
1904
1904
1908
1908
1914
1911
1916
1909
1914
1908
1908
1904
1904
1908
1918
9605
9591
6058
4620
3843
3187
2731
2388
2157
1950
1915
9254
5868
4529
3768
3185
2724
2392
2120
1914
1913
1908
1915
1908
1904
1913
1908
1904
1904
1914
1914
1907
1916
1912
1914
1904
1910
1908
1908
1904
1904
1911
1907
1912
1914
1918
1904
1904
1908
1908
1904
1904
1908
1910
1913
1914
1911
1912
1904
1908
1908
1910
1904
1918
1908
1909
1913
1920
1915
1904
1908
1908
1914
1904
1908
1908
1909
1916
1911
1908
1904
1906
1908
1908
1904
1904
9608
9452
5941
4586
3806
3203
2726
2380
2121
1912
1916
1909
1904
1820
1776
1839
1764
1773
1771
1780
1771
1784
1738
1819
1735
1775
1731
1731
1774
1773
1731
1773
1964
1777
1735
1731
1775
1731
1751
1850
1867
1731
1732
1773
1818
1769
1732
1773
1731
1731
1735
1735
1731
1731
1857
1800
1741
1898
1774
1747
1731
1777
1772
1731
1731
1792
1776
1743
1740
1775
1731
1731
1795
1812
1731
1731
1795
1772
1803
1737
1776
1747
1731
1774
1775
1731
1731
1775
1775
1833
1733
1776
1738
1734
1776
1777
1731
1731
1773
1774
1741
1733
1780
1776
1737
1731
1814
1731
1731
1775
1837
1731
1731
1803
1750
1740
1796
1775
1731
1731
1774
1768
1731
1772
1775
1770
1776
1782
1776
1764
1731
1776
1735
1812
1741
1779
1739
1734
1777
1776
1731
1731
1775
1785
1773
1779
1737
1731
1731
1775
1731
1731
1811
1776
1731
1776
1785
1738
1740
1734
1774
1748
1731
1810
1819
1733
1734
1786
1773
1731
1731
1775
1731
1775
1782
1921
1735
1733
1776
1772
1731
1731
1778
1731
1731
1820
1789
1734
1740
1778
1779
1731
1731
1816
1731
1731
1777
1807
1731
1741
1785
1792
1817
1777
1777
1766
1870
1780
1765
1731
1785
1779
1734
1740
1780
1749
1975
1732
1776
1783
1772
1778
1788
1778
1781
1780
1775
1772
1776
1776
1772
1772
1776
1785
1780
1776
1784
1779
1772
1777
1822
1772
1772
1776
1776
1782
1780
1781
1778
1772
1776
1776
1772
1776
1776
1774
1783
1780
1783
1781
1772
1776
1772
1772
1776
1778
1772
1774
1784
1780
1780
1776
1786
1774
1774
1776
1776
1772
1772
1778
1779
1777
1782
1788
1777
1772
1776
1776
1772
1772
1776
1772
1774
1779
1780
1783
1778
1786
1772
1772
1776
1776
1772
1772
1785
1778
1853
1771
1775
1731
1731
1814
1777
1732
1732
1934
1783
1776
1739
1823
1878
1733
1779
1776
1733
1732
1820
1741
1736
1831
1776
1732
1770
1779
1736
1732
1804
1858
1773
1735
1793
1800
1731
1770
1780
1773
1732
1732
1818
1780
1736
1816
1750
1889
9627
9640
7833
5161
4100
3390
2888
2532
2241
2015
1908
1913
1914
1914
1904
1936
1926
1904
1904
1908
1908
1905
1908
1921
1908
1912
1912
1911
1904
1904
1908
1908
1905
1907
1920
1909
1915
1915
1909
1905
1905
1911
1909
1905
1909
1918
1909
1912
1915
1911
1907
1905
1910
1909
1905
1907
1914
1913
1911
1916
1913
1905
1905
1909
1911
1905
1909
1909
1914
1991
1919
1913
1905
1905
1909
1905
1905
1909
1909
1907
1912
1911
1916
1907
1904
1907
1907
1904
1908
1908
1904
1911
1914
1915
1909
1913
1911
1904
1904
1908
1908
1904
1911
1911
1917
1911
1911
1914
1904
1904
1908
1908
1904
1904
1908
1908
1914
1914
1916
1909
1904
1908
1908
1907
1905
1909
1907
1911
1911
1916
1913
1907
1911
1910
1905
1909
1909
1907
1905
1920
1915
1916
1911
1917
1913
1905
1909
1909
1905
1905
1909
1912
1914
1907
1915
1905
1904
1909
1909
1907
1905
1911
1915
1911
1915
1913
1914
1907
1909
1911
1907
1907
1909
1911
1912
1915
1913
1916
1910
1907
1909
1907
1905
1909
1914
1915
1911
1918
1913
1905
1905
1911
1905
1907
1918
1911
1912
1909
1917
1909
1904
1904
1908
1909
1904
1908
1908
1908
1907
1915
1912
1905
1904
1908
1989
1904
1904
1908
1908
1913
1911
1916
1907
1904
1910
1909
1904
1904
1908
1908
1913
1907
1918
1910
1908
1908
1908
1904
1904
1908
1909
1907
1912
1917
1914
1907
1909
1912
1904
9564
9619
6087
4625
3885
3178
2735
2385
2124
1904
1908
1908
1908
1904
1916
1911
1912
1907
1908
1908
1904
1904
1908
1904
1904
1918
1911
1911
1908
1914
1908
1904
1904
1908
1904
1904
1908
1912
1912
1909
1912
1914
1904
1906
1908
1904
1904
1908
1908
1906
1906
1911
1916
1908
1904
1912
1904
1904
1908
1913
1907
1911
1911
1917
1904
1904
1908
1908
1904
1908
1909
1916
1909
1918
1911
1912
1917
1908
1904
1904
1908
1908
1904
1904
1917
1907
1911
1914
1918
1904
1904
1908
1908
1904
1908
1908
1912
1907
1913
1914
1913
1905
1912
9576
9584
6244
4650
3821
3191
2728
2389
2120
1908
1904
1908
1908
1906
1904
1917
1916
1908
1908
1917
1904
1904
1908
1908
1904
1911
1913
1916
1907
1912
1911
1904
1904
1908
1909
1904
1904
1908
1915
1909
1919
1916
1907
1904
1908
1908
1904
1904
1912
1908
1914
1911
1917
1914
1906
1911
1919
1904
1904
1908
1908
1904
1908
9624
9296
5872
4543
3766
3186
2734
2399
